2025-08-15 21:28:15 [[32MINFO[39M]: Swagger UI mounted at /api-docs
2025-08-15 21:28:15 [[32MINFO[39M]: 🌍 i18n initialized with languages: en, hi
2025-08-15 21:28:15 [[32MINFO[39M]: MongoDB connection established
2025-08-15 21:28:15 [[32MINFO[39M]: ✅ MongoDB connected: localhost
2025-08-15 21:28:15 [[31MERROR[39M]: ❌ Redis client error: 
2025-08-15 21:28:15 [[32MINFO[39M]: Redis client reconnecting...
2025-08-15 21:28:15 [[31MERROR[39M]: ❌ Redis client error: 
2025-08-15 21:28:15 [[32MINFO[39M]: Redis client reconnecting...
2025-08-15 21:28:15 [[31MERROR[39M]: ❌ Redis client error: 
2025-08-15 21:28:15 [[32MINFO[39M]: Redis client reconnecting...
2025-08-15 21:28:15 [[31MERROR[39M]: ❌ Redis client error: 
2025-08-15 21:28:15 [[32MINFO[39M]: Redis client reconnecting...
2025-08-15 21:28:15 [[31MERROR[39M]: ❌ Redis client error: 
2025-08-15 21:28:15 [[32MINFO[39M]: Redis client reconnecting...
2025-08-15 21:28:15 [[31MERROR[39M]: ❌ Redis client error: 
2025-08-15 21:28:15 [[32MINFO[39M]: Redis client reconnecting...
2025-08-15 21:28:15 [[31MERROR[39M]: ❌ Redis client error: 
2025-08-15 21:28:16 [[32MINFO[39M]: Redis client reconnecting...
2025-08-15 21:28:16 [[31MERROR[39M]: ❌ Redis client error: 
2025-08-15 21:28:16 [[32MINFO[39M]: Redis client reconnecting...
2025-08-15 21:28:16 [[31MERROR[39M]: ❌ Redis client error: 
2025-08-15 21:28:17 [[32MINFO[39M]: Redis client reconnecting...
2025-08-15 21:28:17 [[31MERROR[39M]: ❌ Redis client error: 
2025-08-15 21:28:17 [[32MINFO[39M]: Redis client reconnecting...
2025-08-15 21:28:17 [[31MERROR[39M]: ❌ Redis client error: 
2025-08-15 21:28:17 [[32MINFO[39M]: Redis client reconnecting...
2025-08-15 21:28:18 [[31MERROR[39M]: ❌ Redis client error: 
2025-08-15 21:28:18 [[32MINFO[39M]: Redis client reconnecting...
2025-08-15 21:28:18 [[31MERROR[39M]: ❌ Redis client error: 
2025-08-15 21:28:19 [[32MINFO[39M]: Redis client reconnecting...
2025-08-15 21:28:19 [[31MERROR[39M]: ❌ Redis client error: 
2025-08-15 21:28:19 [[32MINFO[39M]: Redis client reconnecting...
2025-08-15 21:28:19 [[31MERROR[39M]: ❌ Redis client error: 
2025-08-15 21:28:20 [[32MINFO[39M]: Redis client reconnecting...
2025-08-15 21:28:20 [[31MERROR[39M]: ❌ Redis client error: 
2025-08-15 21:28:20 [[32MINFO[39M]: Redis client reconnecting...
2025-08-15 21:28:20 [[31MERROR[39M]: ❌ Redis client error: 
2025-08-15 21:28:21 [[32MINFO[39M]: Redis client reconnecting...
2025-08-15 21:28:21 [[31MERROR[39M]: ❌ Redis client error: 
2025-08-15 21:28:21 [[32MINFO[39M]: Redis client reconnecting...
2025-08-15 21:28:21 [[31MERROR[39M]: ❌ Redis client error: 
2025-08-15 21:28:22 [[32MINFO[39M]: Redis client reconnecting...
2025-08-15 21:28:22 [[31MERROR[39M]: ❌ Redis client error: 
2025-08-15 21:28:22 [[32MINFO[39M]: Redis client reconnecting...
2025-08-15 21:28:22 [[31MERROR[39M]: ❌ Redis client error: 
2025-08-15 21:28:23 [[32MINFO[39M]: Redis client reconnecting...
2025-08-15 21:28:23 [[31MERROR[39M]: ❌ Redis client error: 
2025-08-15 21:28:23 [[32MINFO[39M]: Redis client reconnecting...
2025-08-15 21:28:23 [[31MERROR[39M]: ❌ Redis client error: 
2025-08-15 21:28:24 [[32MINFO[39M]: Redis client reconnecting...
2025-08-15 21:28:24 [[31MERROR[39M]: ❌ Redis client error: 
2025-08-15 21:28:24 [[32MINFO[39M]: Redis client reconnecting...
2025-08-15 21:28:24 [[31MERROR[39M]: ❌ Redis client error: 
2025-08-15 21:28:25 [[32MINFO[39M]: Redis client reconnecting...
2025-08-15 21:28:25 [[31MERROR[39M]: ❌ Redis client error: 
2025-08-15 21:28:25 [[32MINFO[39M]: Redis client reconnecting...
2025-08-15 21:28:25 [[31MERROR[39M]: ❌ Redis client error: 
2025-08-15 21:28:26 [[32MINFO[39M]: Redis client reconnecting...
2025-08-15 21:28:26 [[31MERROR[39M]: ❌ Redis client error: 
2025-08-15 21:28:26 [[32MINFO[39M]: Redis client reconnecting...
2025-08-15 21:28:26 [[31MERROR[39M]: ❌ Redis client error: 
2025-08-15 21:28:27 [[32MINFO[39M]: Redis client reconnecting...
2025-08-15 21:28:27 [[31MERROR[39M]: ❌ Redis client error: 
2025-08-15 21:28:27 [[32MINFO[39M]: Redis client reconnecting...
2025-08-15 21:28:27 [[31MERROR[39M]: ❌ Redis client error: 
2025-08-15 21:28:28 [[32MINFO[39M]: Redis client reconnecting...
2025-08-15 21:28:28 [[31MERROR[39M]: ❌ Redis client error: 
2025-08-15 21:28:28 [[32MINFO[39M]: Redis client reconnecting...
2025-08-15 21:28:28 [[31MERROR[39M]: ❌ Redis client error: 
2025-08-15 21:28:29 [[32MINFO[39M]: Redis client reconnecting...
2025-08-15 21:28:29 [[31MERROR[39M]: ❌ Redis client error: 
2025-08-15 21:28:29 [[32MINFO[39M]: Redis client reconnecting...
2025-08-15 21:28:29 [[31MERROR[39M]: ❌ Redis client error: 
2025-08-15 21:28:30 [[32MINFO[39M]: Redis client reconnecting...
2025-08-15 21:28:30 [[31MERROR[39M]: ❌ Redis client error: 
2025-08-15 21:28:30 [[32MINFO[39M]: Redis client reconnecting...
2025-08-15 21:28:30 [[31MERROR[39M]: ❌ Redis client error: 
2025-08-15 21:28:31 [[32MINFO[39M]: Redis client reconnecting...
2025-08-15 21:28:31 [[31MERROR[39M]: ❌ Redis client error: 
2025-08-15 21:28:31 [[32MINFO[39M]: Redis client reconnecting...
2025-08-15 21:28:31 [[31MERROR[39M]: ❌ Redis client error: 
2025-08-15 21:28:32 [[32MINFO[39M]: Redis client reconnecting...
2025-08-15 21:28:32 [[31MERROR[39M]: ❌ Redis client error: 
2025-08-15 21:28:32 [[32MINFO[39M]: Redis client reconnecting...
2025-08-15 21:28:32 [[31MERROR[39M]: ❌ Redis client error: 
2025-08-15 21:28:33 [[32MINFO[39M]: Redis client reconnecting...
2025-08-15 21:28:33 [[31MERROR[39M]: ❌ Redis client error: 
2025-08-15 21:28:33 [[32MINFO[39M]: Redis client reconnecting...
2025-08-15 21:28:33 [[31MERROR[39M]: ❌ Redis client error: 
2025-08-15 21:28:34 [[32MINFO[39M]: Redis client reconnecting...
2025-08-15 21:28:34 [[31MERROR[39M]: ❌ Redis client error: 
2025-08-15 21:28:34 [[32MINFO[39M]: Redis client reconnecting...
2025-08-15 21:28:34 [[31MERROR[39M]: ❌ Redis client error: 
2025-08-15 21:28:35 [[32MINFO[39M]: Redis client reconnecting...
2025-08-15 21:28:35 [[31MERROR[39M]: ❌ Redis client error: 
2025-08-15 21:28:35 [[32MINFO[39M]: Redis client reconnecting...
2025-08-15 21:28:35 [[31MERROR[39M]: ❌ Redis client error: 
2025-08-15 21:28:36 [[32MINFO[39M]: Redis client reconnecting...
2025-08-15 21:28:36 [[31MERROR[39M]: ❌ Redis client error: 
2025-08-15 21:28:36 [[32MINFO[39M]: Redis client reconnecting...
2025-08-15 21:28:36 [[31MERROR[39M]: ❌ Redis client error: 
2025-08-15 21:28:37 [[32MINFO[39M]: Redis client reconnecting...
2025-08-15 21:28:37 [[31MERROR[39M]: ❌ Redis client error: 
2025-08-15 21:28:37 [[32MINFO[39M]: Redis client reconnecting...
2025-08-15 21:28:37 [[31MERROR[39M]: ❌ Redis client error: 
2025-08-15 21:28:38 [[32MINFO[39M]: Redis client reconnecting...
2025-08-15 21:28:38 [[31MERROR[39M]: ❌ Redis client error: 
2025-08-15 21:28:38 [[32MINFO[39M]: Redis client reconnecting...
2025-08-15 21:28:38 [[31MERROR[39M]: ❌ Redis client error: 
2025-08-15 21:28:39 [[32MINFO[39M]: Redis client reconnecting...
2025-08-15 21:28:39 [[31MERROR[39M]: ❌ Redis client error: 
2025-08-15 21:28:39 [[32MINFO[39M]: Redis client reconnecting...
2025-08-15 21:28:39 [[31MERROR[39M]: ❌ Redis client error: 
2025-08-15 21:28:40 [[32MINFO[39M]: Redis client reconnecting...
2025-08-15 21:28:40 [[31MERROR[39M]: ❌ Redis client error: 
2025-08-15 21:28:40 [[32MINFO[39M]: Redis client reconnecting...
2025-08-15 21:28:40 [[31MERROR[39M]: ❌ Redis client error: 
2025-08-15 21:28:41 [[32MINFO[39M]: Redis client reconnecting...
2025-08-15 21:28:41 [[31MERROR[39M]: ❌ Redis client error: 
2025-08-15 21:28:41 [[32MINFO[39M]: Redis client reconnecting...
2025-08-15 21:28:41 [[31MERROR[39M]: ❌ Redis client error: 
2025-08-15 21:28:42 [[32MINFO[39M]: Redis client reconnecting...
2025-08-15 21:28:42 [[31MERROR[39M]: ❌ Redis client error: 
2025-08-15 21:28:42 [[32MINFO[39M]: Redis client reconnecting...
2025-08-15 21:28:42 [[31MERROR[39M]: ❌ Redis client error: 
2025-08-15 21:28:43 [[32MINFO[39M]: Redis client reconnecting...
2025-08-15 21:28:43 [[31MERROR[39M]: ❌ Redis client error: 
2025-08-15 21:28:43 [[32MINFO[39M]: Redis client reconnecting...
2025-08-15 21:28:43 [[31MERROR[39M]: ❌ Redis client error: 
2025-08-15 21:28:44 [[32MINFO[39M]: Redis client reconnecting...
2025-08-15 21:28:44 [[31MERROR[39M]: ❌ Redis client error: 
2025-08-15 21:28:44 [[32MINFO[39M]: Redis client reconnecting...
2025-08-15 21:28:44 [[31MERROR[39M]: ❌ Redis client error: 
2025-08-15 21:28:45 [[32MINFO[39M]: Redis client reconnecting...
2025-08-15 21:28:45 [[31MERROR[39M]: ❌ Redis client error: 
2025-08-15 21:28:45 [[32MINFO[39M]: Redis client reconnecting...
2025-08-15 21:28:45 [[31MERROR[39M]: ❌ Redis client error: 
2025-08-15 21:28:46 [[32MINFO[39M]: Redis client reconnecting...
2025-08-15 21:28:46 [[31MERROR[39M]: ❌ Redis client error: 
2025-08-15 21:28:46 [[32MINFO[39M]: Redis client reconnecting...
2025-08-15 21:28:46 [[31MERROR[39M]: ❌ Redis client error: 
2025-08-15 21:28:47 [[32MINFO[39M]: Redis client reconnecting...
2025-08-15 21:28:47 [[31MERROR[39M]: ❌ Redis client error: 
2025-08-15 21:28:47 [[32MINFO[39M]: Redis client reconnecting...
2025-08-15 21:28:47 [[31MERROR[39M]: ❌ Redis client error: 
2025-08-15 21:28:48 [[32MINFO[39M]: Redis client reconnecting...
2025-08-15 21:28:48 [[31MERROR[39M]: ❌ Redis client error: 
2025-08-15 21:28:48 [[32MINFO[39M]: Redis client reconnecting...
2025-08-15 21:28:48 [[31MERROR[39M]: ❌ Redis client error: 
2025-08-15 21:28:49 [[32MINFO[39M]: Redis client reconnecting...
2025-08-15 21:28:49 [[31MERROR[39M]: ❌ Redis client error: 
2025-08-15 21:28:49 [[32MINFO[39M]: Redis client reconnecting...
2025-08-15 21:28:49 [[31MERROR[39M]: ❌ Redis client error: 
2025-08-15 21:28:50 [[32MINFO[39M]: Redis client reconnecting...
2025-08-15 21:28:50 [[31MERROR[39M]: ❌ Redis client error: 
2025-08-15 21:28:50 [[32MINFO[39M]: Redis client reconnecting...
2025-08-15 21:28:50 [[31MERROR[39M]: ❌ Redis client error: 
2025-08-15 21:28:51 [[32MINFO[39M]: Redis client reconnecting...
2025-08-15 21:28:51 [[31MERROR[39M]: ❌ Redis client error: 
2025-08-15 21:28:51 [[32MINFO[39M]: Redis client reconnecting...
2025-08-15 21:28:51 [[31MERROR[39M]: ❌ Redis client error: 
2025-08-15 21:28:52 [[32MINFO[39M]: Redis client reconnecting...
2025-08-15 21:28:52 [[31MERROR[39M]: ❌ Redis client error: 
2025-08-15 21:28:52 [[32MINFO[39M]: Redis client reconnecting...
2025-08-15 21:28:52 [[31MERROR[39M]: ❌ Redis client error: 
2025-08-15 21:28:53 [[32MINFO[39M]: Redis client reconnecting...
2025-08-15 21:28:53 [[31MERROR[39M]: ❌ Redis client error: 
2025-08-15 21:28:53 [[32MINFO[39M]: Redis client reconnecting...
2025-08-15 21:28:53 [[31MERROR[39M]: ❌ Redis client error: 
2025-08-15 21:28:54 [[32MINFO[39M]: Redis client reconnecting...
2025-08-15 21:28:54 [[31MERROR[39M]: ❌ Redis client error: 
2025-08-15 21:28:54 [[32MINFO[39M]: Redis client reconnecting...
2025-08-15 21:28:54 [[31MERROR[39M]: ❌ Redis client error: 
2025-08-15 21:28:55 [[32MINFO[39M]: Redis client reconnecting...
2025-08-15 21:28:55 [[31MERROR[39M]: ❌ Redis client error: 
2025-08-15 21:28:55 [[32MINFO[39M]: Redis client reconnecting...
2025-08-15 21:28:55 [[31MERROR[39M]: ❌ Redis client error: 
2025-08-15 21:28:56 [[32MINFO[39M]: Redis client reconnecting...
2025-08-15 21:28:56 [[31MERROR[39M]: ❌ Redis client error: 
2025-08-15 21:28:56 [[32MINFO[39M]: Redis client reconnecting...
2025-08-15 21:28:56 [[31MERROR[39M]: ❌ Redis client error: 
2025-08-15 21:28:57 [[32MINFO[39M]: Redis client reconnecting...
2025-08-15 21:28:57 [[31MERROR[39M]: ❌ Redis client error: 
2025-08-15 21:28:57 [[32MINFO[39M]: Redis client reconnecting...
2025-08-15 21:28:57 [[31MERROR[39M]: ❌ Redis client error: 
2025-08-15 21:28:58 [[32MINFO[39M]: Redis client reconnecting...
2025-08-15 21:28:58 [[31MERROR[39M]: ❌ Redis client error: 
2025-08-15 21:28:58 [[32MINFO[39M]: Redis client reconnecting...
2025-08-15 21:28:58 [[31MERROR[39M]: ❌ Redis client error: 
2025-08-15 21:28:59 [[32MINFO[39M]: Redis client reconnecting...
2025-08-15 21:28:59 [[31MERROR[39M]: ❌ Redis client error: 
2025-08-15 21:28:59 [[32MINFO[39M]: Redis client reconnecting...
2025-08-15 21:28:59 [[31MERROR[39M]: ❌ Redis client error: 
2025-08-15 21:29:00 [[32MINFO[39M]: Redis client reconnecting...
2025-08-15 21:29:00 [[31MERROR[39M]: ❌ Redis client error: 
2025-08-15 21:29:00 [[32MINFO[39M]: Received shutdown signal. Closing server...
2025-08-15 21:29:08 [[32MINFO[39M]: Swagger UI mounted at /api-docs
2025-08-15 21:29:08 [[32MINFO[39M]: 🌍 i18n initialized with languages: en, hi
2025-08-15 21:29:08 [[32MINFO[39M]: MongoDB connection established
2025-08-15 21:29:08 [[32MINFO[39M]: ✅ MongoDB connected: localhost
2025-08-15 21:29:08 [[31MERROR[39M]: ❌ Redis client error: 
2025-08-15 21:29:08 [[32MINFO[39M]: Redis client reconnecting...
2025-08-15 21:29:08 [[31MERROR[39M]: ❌ Redis client error: 
2025-08-15 21:29:08 [[32MINFO[39M]: Redis client reconnecting...
2025-08-15 21:29:08 [[31MERROR[39M]: ❌ Redis client error: 
2025-08-15 21:29:08 [[32MINFO[39M]: Redis client reconnecting...
2025-08-15 21:29:08 [[31MERROR[39M]: ❌ Redis client error: 
2025-08-15 21:29:08 [[32MINFO[39M]: Redis client reconnecting...
2025-08-15 21:29:08 [[31MERROR[39M]: ❌ Redis client error: 
2025-08-15 21:29:08 [[32MINFO[39M]: Redis client reconnecting...
2025-08-15 21:29:08 [[31MERROR[39M]: ❌ Redis client error: 
2025-08-15 21:29:08 [[32MINFO[39M]: Redis client reconnecting...
2025-08-15 21:29:08 [[31MERROR[39M]: ❌ Redis client error: 
2025-08-15 21:29:09 [[32MINFO[39M]: Redis client reconnecting...
2025-08-15 21:29:09 [[31MERROR[39M]: ❌ Redis client error: 
2025-08-15 21:29:09 [[32MINFO[39M]: Redis client reconnecting...
2025-08-15 21:29:09 [[31MERROR[39M]: ❌ Redis client error: 
2025-08-15 21:29:10 [[32MINFO[39M]: Redis client reconnecting...
2025-08-15 21:29:10 [[31MERROR[39M]: ❌ Redis client error: 
2025-08-15 21:29:10 [[32MINFO[39M]: Received shutdown signal. Closing server...
2025-08-15 21:33:21 [[32MINFO[39M]: Swagger UI mounted at /api-docs
2025-08-15 21:33:21 [[32MINFO[39M]: 🌍 i18n initialized with languages: en, hi
2025-08-15 21:33:21 [[32MINFO[39M]: MongoDB connection established
2025-08-15 21:33:21 [[32MINFO[39M]: ✅ MongoDB connected: localhost
2025-08-15 21:33:23 [[32MINFO[39M]: ✅ Redis connected
2025-08-15 21:33:23 [[32MINFO[39M]: Server running on port undefined in undefined mode
2025-08-15 21:46:43 [[32MINFO[39M]: Swagger UI mounted at /api-docs
2025-08-15 21:46:43 [[32MINFO[39M]: 🌍 i18n initialized with languages: en, hi
2025-08-15 21:46:43 [[32MINFO[39M]: MongoDB connection established
2025-08-15 21:46:43 [[32MINFO[39M]: ✅ MongoDB connected: localhost
2025-08-15 21:46:45 [[32MINFO[39M]: ✅ Redis connected
2025-08-15 21:46:45 [[32MINFO[39M]: Server running on port 3000 in local mode
2025-08-15 21:46:55 [[32MHTTP[39M]: [0mGET /api-docs [36m301[0m 3.337 ms - 158[0m
2025-08-15 21:46:55 [[32MHTTP[39M]: [0mGET /api-docs/ [32m200[0m 2.767 ms - -[0m
2025-08-15 21:46:56 [[32MHTTP[39M]: [0mGET /api-docs/swagger-ui-init.js [32m200[0m 0.215 ms - -[0m
2025-08-15 21:46:56 [[32MHTTP[39M]: [0mGET /api-docs/swagger-ui.css [32m200[0m 4.938 ms - -[0m
2025-08-15 21:46:56 [[32MHTTP[39M]: [0mGET /api-docs/swagger-ui-standalone-preset.js [32m200[0m 6.422 ms - -[0m
2025-08-15 21:46:56 [[32MHTTP[39M]: [0mGET /api-docs/swagger-ui-bundle.js [32m200[0m 4.975 ms - -[0m
2025-08-15 21:46:56 [[32MHTTP[39M]: [0mGET /api-docs/favicon-32x32.png [32m200[0m 1.460 ms - 628[0m
2025-08-15 21:47:10 [[32MHTTP[39M]: [0mGET /api-docs/ [32m200[0m 7.243 ms - -[0m
2025-08-15 21:47:11 [[32MHTTP[39M]: [0mGET /api-docs/swagger-ui-init.js [32m200[0m 0.237 ms - -[0m
2025-08-15 21:47:11 [[32MHTTP[39M]: [0mGET /api-docs/swagger-ui.css [32m200[0m 7.643 ms - -[0m
2025-08-15 21:47:11 [[32MHTTP[39M]: [0mGET /api-docs/swagger-ui-standalone-preset.js [32m200[0m 3.461 ms - -[0m
2025-08-15 21:47:11 [[32MHTTP[39M]: [0mGET /api-docs/swagger-ui-bundle.js [32m200[0m 4.715 ms - -[0m
2025-08-15 21:47:11 [[32MHTTP[39M]: [0mGET /api-docs/favicon-32x32.png [32m200[0m 1.198 ms - 628[0m
2025-08-15 21:47:32 [[32MINFO[39M]: Received shutdown signal. Closing server...
